TN:
SF:backend\src\app.js
FN:13,(anonymous_0)
FN:22,(anonymous_1)
FN:26,(anonymous_2)
FNF:3
FNH:1
FNDA:35,(anonymous_0)
FNDA:0,(anonymous_1)
FNDA:0,(anonymous_2)
DA:8,1
DA:10,1
DA:11,1
DA:12,1
DA:13,1
DA:14,35
DA:15,35
DA:16,35
DA:18,0
DA:22,1
DA:23,1
DA:24,1
DA:26,1
DA:27,0
DA:28,0
LF:15
LH:12
BRDA:11,0,0,1
BRDA:11,0,1,1
BRDA:28,1,0,0
BRDA:28,1,1,0
BRF:4
BRH:2
end_of_record
TN:
SF:backend\src\config\database.js
FN:11,initializeDatabase
FN:15,(anonymous_1)
FN:36,saveDatabase
FN:41,getOne
FN:49,getAll
FN:58,run
FN:67,seedAdminFromEnvironment
FN:82,closeDatabase
FNF:8
FNH:8
FNDA:37,initializeDatabase
FNDA:1,(anonymous_1)
FNDA:13,saveDatabase
FNDA:47,getOne
FNDA:1,getAll
FNDA:11,run
FNDA:2,seedAdminFromEnvironment
FNDA:2,closeDatabase
DA:6,1
DA:7,1
DA:12,37
DA:14,1
DA:15,1
DA:17,1
DA:18,1
DA:20,1
DA:31,1
DA:32,1
DA:33,1
DA:37,13
DA:38,13
DA:42,47
DA:43,47
DA:44,47
DA:45,47
DA:46,47
DA:50,1
DA:51,1
DA:52,1
DA:53,8
DA:54,1
DA:55,1
DA:59,11
DA:60,11
DA:61,11
DA:62,11
DA:63,11
DA:68,2
DA:69,2
DA:70,2
DA:72,2
DA:73,2
DA:74,1
DA:75,1
DA:83,2
DA:84,1
DA:85,1
DA:86,1
LF:40
LH:40
BRDA:6,0,0,1
BRDA:6,0,1,0
BRDA:12,1,0,36
BRDA:12,1,1,1
BRDA:17,2,0,0
BRDA:17,2,1,1
BRDA:41,3,0,11
BRDA:44,4,0,35
BRDA:44,4,1,12
BRDA:49,5,0,1
BRDA:58,6,0,0
BRDA:70,7,0,0
BRDA:70,7,1,2
BRDA:70,8,0,2
BRDA:70,8,1,2
BRDA:73,9,0,1
BRDA:73,9,1,1
BRDA:83,10,0,1
BRDA:83,10,1,1
BRF:19
BRH:15
end_of_record
TN:
SF:backend\src\controllers\authController.js
FN:5,publicUser
FN:15,createToken
FN:30,register
FN:49,login
FNF:4
FNH:4
FNDA:16,publicUser
FNDA:16,createToken
FNDA:10,register
FNDA:9,login
DA:6,16
DA:16,16
DA:17,16
DA:18,0
DA:19,0
DA:20,0
DA:23,16
DA:31,10
DA:32,10
DA:33,10
DA:35,10
DA:36,1
DA:39,9
DA:40,9
DA:44,9
DA:46,9
DA:50,9
DA:51,9
DA:53,9
DA:54,2
DA:57,7
LF:21
LH:18
BRDA:17,0,0,0
BRDA:17,0,1,16
BRDA:26,1,0,16
BRDA:26,1,1,0
BRDA:35,2,0,1
BRDA:35,2,1,9
BRDA:53,3,0,2
BRDA:53,3,1,7
BRDA:53,4,0,9
BRDA:53,4,1,8
BRF:10
BRH:8
end_of_record
TN:
SF:backend\src\controllers\userController.js
FN:3,publicUser
FN:13,getCurrentUser
FN:19,getUsers
FN:24,updateCurrentUser
FNF:4
FNH:4
FNDA:3,publicUser
FNDA:3,getCurrentUser
FNDA:1,getUsers
FNDA:2,updateCurrentUser
DA:4,3
DA:14,3
DA:15,3
DA:16,2
DA:20,1
DA:21,1
DA:25,2
DA:26,2
DA:28,1
DA:29,1
DA:30,1
LF:11
LH:11
BRDA:15,0,0,1
BRDA:15,0,1,2
BRDA:26,1,0,1
BRDA:26,1,1,1
BRF:4
BRH:4
end_of_record
TN:
SF:backend\src\middleware\auth.js
FN:3,(anonymous_0)
FN:5,authenticateToken
FNF:2
FNH:2
FNDA:10,(anonymous_0)
FNDA:13,authenticateToken
DA:3,10
DA:6,13
DA:7,13
DA:11,13
DA:12,3
DA:15,10
DA:16,10
DA:17,1
DA:20,9
DA:21,9
DA:22,7
DA:24,2
LF:12
LH:12
BRDA:7,0,0,10
BRDA:7,0,1,3
BRDA:11,1,0,3
BRDA:11,1,1,10
BRDA:16,2,0,1
BRDA:16,2,1,9
BRF:6
BRH:6
end_of_record
TN:
SF:backend\src\middleware\roles.js
FN:1,requireRole
FN:2,(anonymous_1)
FNF:2
FNH:2
FNDA:1,requireRole
FNDA:2,(anonymous_1)
DA:2,1
DA:3,2
DA:4,1
DA:6,1
LF:4
LH:4
BRDA:3,0,0,1
BRDA:3,0,1,1
BRF:2
BRH:2
end_of_record
TN:
SF:backend\src\routes\authRoutes.js
FN:7,validateRequest
FNF:1
FNH:1
FNDA:22,validateRequest
DA:5,1
DA:8,22
DA:9,22
DA:10,3
DA:12,19
DA:15,1
DA:20,1
DA:27,1
LF:8
LH:8
BRDA:9,0,0,3
BRDA:9,0,1,19
BRF:2
BRH:2
end_of_record
TN:
SF:backend\src\routes\userRoutes.js
FNF:0
FNH:0
DA:6,1
DA:8,1
DA:9,1
DA:10,1
LF:4
LH:4
BRF:0
BRH:0
end_of_record
