TN:
SF:backend\src\app.js
FN:13,(anonymous_0)
FN:22,(anonymous_1)
FN:26,(anonymous_2)
FNF:3
FNH:1
FNDA:35,(anonymous_0)
FNDA:0,(anonymous_1)
FNDA:0,(anonymous_2)
DA:8,1
DA:10,1
DA:11,1
DA:12,1
DA:13,1
DA:14,35
DA:15,35
DA:16,35
DA:18,0
DA:22,1
DA:23,1
DA:24,1
DA:26,1
DA:27,0
DA:28,0
LF:15
LH:12
BRDA:11,0,0,1
BRDA:11,0,1,1
BRDA:28,1,0,0
BRDA:28,1,1,0
BRF:4
BRH:2
end_of_record
TN:
SF:backend\src\config\database.js
FN:11,initializeDatabase
FN:15,(anonymous_1)
FN:37,saveDatabase
FN:42,getOne
FN:50,getAll
FN:59,run
FN:68,seedDemoUsers
FN:87,seedAdminFromEnvironment
FN:102,closeDatabase
FNF:9
FNH:9
FNDA:37,initializeDatabase
FNDA:1,(anonymous_1)
FNDA:15,saveDatabase
FNDA:51,getOne
FNDA:1,getAll
FNDA:13,run
FNDA:1,seedDemoUsers
FNDA:2,seedAdminFromEnvironment
FNDA:2,closeDatabase
DA:6,1
DA:7,1
DA:12,37
DA:14,1
DA:15,1
DA:17,1
DA:18,1
DA:20,1
DA:31,1
DA:32,1
DA:33,1
DA:34,1
DA:38,15
DA:39,15
DA:43,51
DA:44,51
DA:45,51
DA:46,51
DA:47,51
DA:51,1
DA:52,1
DA:53,1
DA:54,10
DA:55,1
DA:56,1
DA:60,13
DA:61,13
DA:62,13
DA:63,13
DA:64,13
DA:69,1
DA:74,1
DA:75,2
DA:76,2
DA:77,2
DA:78,2
DA:88,2
DA:89,2
DA:90,2
DA:92,2
DA:93,2
DA:94,1
DA:95,1
DA:103,2
DA:104,1
DA:105,1
DA:106,1
LF:47
LH:47
BRDA:6,0,0,1
BRDA:6,0,1,0
BRDA:12,1,0,36
BRDA:12,1,1,1
BRDA:17,2,0,0
BRDA:17,2,1,1
BRDA:42,3,0,13
BRDA:45,4,0,37
BRDA:45,4,1,14
BRDA:50,5,0,1
BRDA:59,6,0,0
BRDA:76,7,0,2
BRDA:76,7,1,0
BRDA:90,8,0,0
BRDA:90,8,1,2
BRDA:90,9,0,2
BRDA:90,9,1,2
BRDA:93,10,0,1
BRDA:93,10,1,1
BRDA:103,11,0,1
BRDA:103,11,1,1
BRF:21
BRH:16
end_of_record
TN:
SF:backend\src\config\jwt.js
FN:3,getJwtSecret
FNF:1
FNH:1
FNDA:26,getJwtSecret
DA:1,1
DA:4,26
DA:7,1
DA:8,1
DA:11,0
LF:5
LH:4
BRDA:4,0,0,25
BRDA:4,0,1,1
BRDA:7,1,0,1
BRDA:7,1,1,0
BRDA:7,2,0,1
BRDA:7,2,1,1
BRF:6
BRH:5
end_of_record
TN:
SF:backend\src\controllers\authController.js
FN:6,publicUser
FN:16,createToken
FN:31,register
FN:50,login
FNF:4
FNH:4
FNDA:16,publicUser
FNDA:16,createToken
FNDA:10,register
FNDA:9,login
DA:7,16
DA:17,16
DA:18,16
DA:19,0
DA:20,0
DA:21,0
DA:24,16
DA:32,10
DA:33,10
DA:34,10
DA:36,10
DA:37,1
DA:40,9
DA:41,9
DA:45,9
DA:47,9
DA:51,9
DA:52,9
DA:54,9
DA:55,2
DA:58,7
LF:21
LH:18
BRDA:18,0,0,0
BRDA:18,0,1,16
BRDA:27,1,0,16
BRDA:27,1,1,0
BRDA:36,2,0,1
BRDA:36,2,1,9
BRDA:54,3,0,2
BRDA:54,3,1,7
BRDA:54,4,0,9
BRDA:54,4,1,8
BRF:10
BRH:8
end_of_record
TN:
SF:backend\src\controllers\userController.js
FN:3,publicUser
FN:13,getCurrentUser
FN:19,getUsers
FN:24,updateCurrentUser
FNF:4
FNH:4
FNDA:3,publicUser
FNDA:3,getCurrentUser
FNDA:1,getUsers
FNDA:2,updateCurrentUser
DA:4,3
DA:14,3
DA:15,3
DA:16,2
DA:20,1
DA:21,1
DA:25,2
DA:26,2
DA:28,1
DA:29,1
DA:30,1
LF:11
LH:11
BRDA:15,0,0,1
BRDA:15,0,1,2
BRDA:26,1,0,1
BRDA:26,1,1,1
BRF:4
BRH:4
end_of_record
TN:
SF:backend\src\middleware\auth.js
FN:4,authenticateToken
FNF:1
FNH:1
FNDA:13,authenticateToken
DA:5,13
DA:6,13
DA:10,13
DA:11,3
DA:14,10
DA:15,10
DA:16,1
DA:19,9
DA:20,9
DA:21,7
DA:23,2
LF:11
LH:11
BRDA:6,0,0,10
BRDA:6,0,1,3
BRDA:10,1,0,3
BRDA:10,1,1,10
BRDA:15,2,0,1
BRDA:15,2,1,9
BRF:6
BRH:6
end_of_record
TN:
SF:backend\src\middleware\roles.js
FN:1,requireRole
FN:2,(anonymous_1)
FNF:2
FNH:2
FNDA:1,requireRole
FNDA:2,(anonymous_1)
DA:2,1
DA:3,2
DA:4,1
DA:6,1
LF:4
LH:4
BRDA:3,0,0,1
BRDA:3,0,1,1
BRF:2
BRH:2
end_of_record
TN:
SF:backend\src\routes\authRoutes.js
FN:7,validateRequest
FNF:1
FNH:1
FNDA:22,validateRequest
DA:5,1
DA:8,22
DA:9,22
DA:10,3
DA:12,19
DA:15,1
DA:20,1
DA:27,1
LF:8
LH:8
BRDA:9,0,0,3
BRDA:9,0,1,19
BRF:2
BRH:2
end_of_record
TN:
SF:backend\src\routes\userRoutes.js
FNF:0
FNH:0
DA:6,1
DA:8,1
DA:9,1
DA:10,1
LF:4
LH:4
BRF:0
BRH:0
end_of_record
